<?xml version="1.0" encoding="UTF-8"?>
<testng-results ignored="0" total="4" passed="4" failed="0" skipped="0">
  <reporter-output>
  </reporter-output>
  <suite started-at="2024-03-17T00:43:07 IST" name="Default suite" finished-at="2024-03-17T00:43:29 IST" duration-ms="22516">
    <groups>
    </groups>
    <test started-at="2024-03-17T00:43:07 IST" name="Default test" finished-at="2024-03-17T00:43:29 IST" duration-ms="22516">
      <class name="com.TestNg_Selenuim.TestNg_Selenuim">
        <test-method is-config="true" signature="start()[pri:0, instance:com.TestNg_Selenuim.TestNg_Selenuim@55a147cc]" started-at="2024-03-17T00:43:07 IST" name="start" finished-at="2024-03-17T00:43:13 IST" duration-ms="6736" status="PASS">
          <reporter-output>
          </reporter-output>
        </test-method> <!-- start -->
        <test-method signature="Landing_Page()[pri:1, instance:com.TestNg_Selenuim.TestNg_Selenuim@55a147cc]" started-at="2024-03-17T00:43:13 IST" name="Landing_Page" finished-at="2024-03-17T00:43:13 IST" duration-ms="49" status="PASS">
          <reporter-output>
          </reporter-output>
        </test-method> <!-- Landing_Page -->
        <test-method signature="Calculator_Click()[pri:2, instance:com.TestNg_Selenuim.TestNg_Selenuim@55a147cc]" started-at="2024-03-17T00:43:13 IST" name="Calculator_Click" finished-at="2024-03-17T00:43:16 IST" depends-on-methods="com.TestNg_Selenuim.TestNg_Selenuim.Landing_Page" duration-ms="2694" status="PASS">
          <reporter-output>
          </reporter-output>
        </test-method> <!-- Calculator_Click -->
        <test-method signature="Home_page()[pri:3, instance:com.TestNg_Selenuim.TestNg_Selenuim@55a147cc]" started-at="2024-03-17T00:43:16 IST" name="Home_page" finished-at="2024-03-17T00:43:17 IST" depends-on-methods="com.TestNg_Selenuim.TestNg_Selenuim.Landing_Page, com.TestNg_Selenuim.TestNg_Selenuim.Calculator_Click" duration-ms="958" status="PASS">
          <reporter-output>
          </reporter-output>
        </test-method> <!-- Home_page -->
        <test-method signature="New_Cars()[pri:4, instance:com.TestNg_Selenuim.TestNg_Selenuim@55a147cc]" started-at="2024-03-17T00:43:17 IST" name="New_Cars" finished-at="2024-03-17T00:43:29 IST" depends-on-methods="com.TestNg_Selenuim.TestNg_Selenuim.Landing_Page, com.TestNg_Selenuim.TestNg_Selenuim.Calculator_Click" duration-ms="11529" status="PASS">
          <reporter-output>
          </reporter-output>
        </test-method> <!-- New_Cars -->
        <test-method is-config="true" signature="tearDown()[pri:0, instance:com.TestNg_Selenuim.TestNg_Selenuim@55a147cc]" started-at="2024-03-17T00:43:29 IST" name="tearDown" finished-at="2024-03-17T00:43:29 IST" duration-ms="425" status="PASS">
          <reporter-output>
          </reporter-output>
        </test-method> <!-- tearDown -->
      </class> <!-- com.TestNg_Selenuim.TestNg_Selenuim -->
    </test> <!-- Default test -->
  </suite> <!-- Default suite -->
</testng-results>
